<?xml version="1.0" encoding="UTF-8" ?>
<testsuite errors="1" failures="0" hostname="James-XPS" name="LotteryTest" tests="1" time="0.0" timestamp="2016-11-15T16:14:59">
  <properties>
    <property name="java.vendor" value="Oracle Corporation" />
    <property name="src.test.dir" value="C:\Users\Alexander\git\BinaryTest\binary1\src\test" />
    <property name="sun.java.launcher" value="SUN_STANDARD" />
    <property name="eclipse.pdebuild.templates" value="/C:/IBM/SPDS/plugins/org.eclipse.pde.build_3.8.2.v20121114-140810/templates/" />
    <property name="sun.management.compiler" value="HotSpot 64-Bit Tiered Compilers" />
    <property name="env.PROMPT" value="$P$G" />
    <property name="os.name" value="Windows 7" />
    <property name="env.FP_NO_HOST_CHECK" value="NO" />
    <property name="sun.boot.class.path" value="C:\Program Files\Java\jdk1.7.0_79\jre\lib\resources.jar;C:\Program Files\Java\jdk1.7.0_79\jre\lib\rt.jar;C:\Program Files\Java\jdk1.7.0_79\jre\lib\sunrsasign.jar;C:\Program Files\Java\jdk1.7.0_79\jre\lib\jsse.jar;C:\Program Files\Java\jdk1.7.0_79\jre\lib\jce.jar;C:\Program Files\Java\jdk1.7.0_79\jre\lib\charsets.jar;C:\Program Files\Java\jdk1.7.0_79\jre\lib\jfr.jar;C:\Program Files\Java\jdk1.7.0_79\jre\classes" />
    <property name="env.COMPUTERNAME" value="JAMES-XPS" />
    <property name="env.CommonProgramW6432" value="C:\Program Files\Common Files" />
    <property name="env.ALLUSERSPROFILE" value="C:\ProgramData" />
    <property name="sun.desktop" value="windows" />
    <property name="java.vm.specification.vendor" value="Oracle Corporation" />
    <property name="ant.home" value="C:\IBM\SPDS\plugins\org.apache.ant_1.8.3.v201301120609" />
    <property name="java.runtime.version" value="1.7.0_79-b15" />
    <property name="src.java.dir" value="C:\Users\Alexander\git\BinaryTest\binary1\src\src" />
    <property name="env.HOMEPATH" value="\Users\Alexander" />
    <property name="env.IBM_JAVA_COMMAND_LINE" value="C:\Program Files\IBM\DS4.1.0.1\jdk\jre\bin\javaw.exe -Xquickstart -Xms100m -Xmx1024m -Xgcpolicy:gencon -Xscmx96m -Xshareclasses:name=IBMSDP_%u -Xnolinenumbers -XX:MaxPermSize=512M -Xmnx64m -Xcompressedrefs -Djavax.xml.accessExternalSchema=platform,file -jar C:\Program Files\IBM\DS4.1.0.1\\plugins/org.eclipse.equinox.launcher_1.3.0.v20120522-1813.jar -os win32 -ws win32 -arch x86_64 -showsplash -launcher C:\Program Files\IBM\DS4.1.0.1\eclipse.exe -name Eclipse --launcher.library C:\Program Files\IBM\DS4.1.0.1\\plugins/org.eclipse.equinox.launcher.win32.win32.x86_64_1.1.200.v20120913-144807\eclipse_1503.dll -startup C:\Program Files\IBM\DS4.1.0.1\\plugins/org.eclipse.equinox.launcher_1.3.0.v20120522-1813.jar --launcher.overrideVmargs -exitdata 2380_a4 -install C:/Program Files/IBM/DS4.1.0.1 -product com.ibm.team.concert.product -vm C:\Program Files\IBM\DS4.1.0.1\jdk\jre\bin\javaw.exe -vmargs -Xquickstart -Xms100m -Xmx1024m -Xgcpolicy:gencon -Xscmx96m -Xshareclasses:name=IBMSDP_%u -Xnolinenumbers -XX:MaxPermSize=512M -Xmnx64m -Xcompressedrefs -Djavax.xml.accessExternalSchema=platform,file -jar C:\Program Files\IBM\DS4.1.0.1\\plugins/org.eclipse.equinox.launcher_1.3.0.v20120522-1813.jar" />
    <property name="ant.file.type.binary1" value="file" />
    <property name="user.name" value="Alexander" />
    <property name="user.language" value="en" />
    <property name="env.windows_tracing_flags" value="3" />
    <property name="sun.boot.library.path" value="C:\Program Files\Java\jdk1.7.0_79\jre\bin" />
    <property name="ant.project.default-target" value="build" />
    <property name="ant.project.name" value="binary1" />
    <property name="java.version" value="1.7.0_79" />
    <property name="env.PROCESSOR_IDENTIFIER" value="Intel64 Family 6 Model 42 Stepping 7, GenuineIntel" />
    <property name="user.timezone" value="" />
    <property name="env.TEMP" value="C:\Users\ALEXAN~1\AppData\Local\Temp" />
    <property name="sun.arch.data.model" value="64" />
    <property name="java.endorsed.dirs" value="C:\Program Files\Java\jdk1.7.0_79\jre\lib\endorsed" />
    <property name="sun.cpu.isalist" value="amd64" />
    <property name="env.HOMEDRIVE" value="C:" />
    <property name="sun.jnu.encoding" value="Cp1252" />
    <property name="file.encoding.pkg" value="sun.io" />
    <property name="ECLIPSE_HOME" value="../../../../../Program Files/IBM/DS4.1.0.1" />
    <property name="file.separator" value="\" />
    <property name="java.specification.name" value="Java Platform API Specification" />
    <property name="java.class.version" value="51.0" />
    <property name="user.country" value="GB" />
    <property name="java.home" value="C:\Program Files\Java\jdk1.7.0_79\jre" />
    <property name="env.PSModulePath" value="C:\Windows\system32\WindowsPowerShell\v1.0\Modules\;C:\Program Files (x86)\Microsoft SQL Server\120\Tools\PowerShell\Modules\" />
    <property name="env.APPDATA" value="C:\Users\Alexander\AppData\Roaming" />
    <property name="env.PUBLIC" value="C:\Users\Public" />
    <property name="env.windows_tracing_logfile" value="C:\BVTBin\Tests\installpackage\csilogfile.log" />
    <property name="java.vm.info" value="mixed mode" />
    <property name="env.ComSpec" value="C:\Windows\system32\cmd.exe" />
    <property name="env.OS" value="Windows_NT" />
    <property name="env.CommonProgramFiles" value="C:\Program Files\Common Files" />
    <property name="ant.file" value="C:\Users\Alexander\git\BinaryTest\binary1\build.xml" />
    <property name="os.version" value="6.1" />
    <property name="env.ProgramW6432" value="C:\Program Files" />
    <property name="path.separator" value=";" />
    <property name="java.vm.version" value="24.79-b02" />
    <property name="user.variant" value="" />
    <property name="env.USERPROFILE" value="C:\Users\Alexander" />
    <property name="ant.library.dir" value="C:\IBM\SPDS\plugins\org.apache.ant_1.8.3.v201301120609\lib" />
    <property name="ant.file.binary1" value="C:\Users\Alexander\git\BinaryTest\binary1\build.xml" />
    <property name="java.awt.printerjob" value="sun.awt.windows.WPrinterJob" />
    <property name="env.TMP" value="C:\Users\ALEXAN~1\AppData\Local\Temp" />
    <property name="sun.io.unicode.encoding" value="UnicodeLittle" />
    <property name="awt.toolkit" value="sun.awt.windows.WToolkit" />
    <property name="user.script" value="" />
    <property name="eclipse.pdebuild.scripts" value="/C:/IBM/SPDS/plugins/org.eclipse.pde.build_3.8.2.v20121114-140810/scripts/" />
    <property name="user.home" value="C:\Users\Alexander" />
    <property name="target" value="1.7" />
    <property name="env.ProgramData" value="C:\ProgramData" />
    <property name="env.VS140COMNTOOLS" value="C:\Program Files (x86)\Microsoft Visual Studio 14.0\Common7\Tools\" />
    <property name="env.SESSIONNAME" value="Console" />
    <property name="env.ProgramFiles(x86)" value="C:\Program Files (x86)" />
    <property name="java.specification.vendor" value="Oracle Corporation" />
    <property name="java.vendor.url" value="http://java.oracle.com/" />
    <property name="java.library.path" value="C:\Program Files\IBM\DS4.1.0.1\jdk\jre\bin\compressedrefs;C:\Program Files\IBM\DS4.1.0.1\jdk\jre\bin;C:\Windows\system32;C:\Windows;C:\Program Files (x86)\Actian\Btrieve\bin\;C:\Program Files\Actian\Btrieve\bin\;C:\Windows\system32;C:\Windows;C:\Windows\System32\Wbem;C:\Program Files\Intel\WiFi\bin\;C:\Program Files\Common Files\Intel\WirelessCommon\;C:\IBM\Client Access\Emulator;C:\IBM\Client Access\Shared;C:\IBM\Client Access\;C:\Program Files\nodejs\;C:\Program Files\IBM\Bluemix\bin;C:\Program Files (x86)\MongoDB\Server\3.2\bin;C:\Windows\System32\WindowsPowerShell\v1.0\;C:\Program Files\Microsoft SQL Server\Client SDK\ODBC\110\Tools\Binn\;C:\Program Files (x86)\Microsoft SQL Server\120\Tools\Binn\;C:\Program Files\Microsoft SQL Server\120\Tools\Binn\;C:\Program Files\Microsoft SQL Server\120\DTS\Binn\;C:\Users\Alexander\.dnx\bin;C:\Program Files\Microsoft DNX\Dnvm\;C:\Program Files\Microsoft SQL Server\130\Tools\Binn\;C:\Windows\System32\WindowsPowerShell\v1.0\;C:\Program Files\Java\jdk1.7.0_79\bin;C:\Users\Alexander\Documents\software\Git\bin;C:\Windows\Microsoft.Net\Framework\v4.0.30319\;C:\Program Files\TortoiseSVN\bin;C:\Users\Alexander\AppData\Roaming\npm;;.;C:\Users\Alexander\.eclipse\org.eclipse.platform_4.2.0_122772737\configuration\org.eclipse.osgi\bundles\1555\1\.cp" />
    <property name="env.NUMBER_OF_PROCESSORS" value="8" />
    <property name="java.vm.vendor" value="Oracle Corporation" />
    <property name="java.runtime.name" value="Java(TM) SE Runtime Environment" />
    <property name="env.APIConnect" value="C:\Users\Alexander\Documents\APIConnect" />
    <property name="ant.version" value="Apache Ant(TM) version 1.8.3 compiled on February 26 2012" />
    <property name="sun.java.command" value="org.eclipse.ant.internal.launching.remote.InternalAntRunner -Dorg.eclipse.ant.core.ANT_PROCESS_ID=1479226498226 -Declipse.connect.port=51789 -Declipse.pdebuild.home=/C:/IBM/SPDS/plugins/org.eclipse.pde.build_3.8.2.v20121114-140810/./ -Declipse.pdebuild.scripts=/C:/IBM/SPDS/plugins/org.eclipse.pde.build_3.8.2.v20121114-140810/scripts/ -Declipse.pdebuild.templates=/C:/IBM/SPDS/plugins/org.eclipse.pde.build_3.8.2.v20121114-140810/templates/ -Dant.home=C:\IBM\SPDS\plugins\org.apache.ant_1.8.3.v201301120609 -logger org.eclipse.ant.internal.launching.remote.logger.RemoteAntBuildLogger -inputhandler org.eclipse.ant.internal.ui.antsupport.inputhandler.ProxyInputHandler -buildfile C:\Users\Alexander\git\BinaryTest\binary1\build.xml" />
    <property name="java.class.path" value="C:\IBM\SPDS\plugins\org.apache.ant_1.8.3.v201301120609\lib\ant-antlr.jar;C:\IBM\SPDS\plugins\org.apache.ant_1.8.3.v201301120609\lib\ant-apache-bcel.jar;C:\IBM\SPDS\plugins\org.apache.ant_1.8.3.v201301120609\lib\ant-apache-bsf.jar;C:\IBM\SPDS\plugins\org.apache.ant_1.8.3.v201301120609\lib\ant-apache-log4j.jar;C:\IBM\SPDS\plugins\org.apache.ant_1.8.3.v201301120609\lib\ant-apache-oro.jar;C:\IBM\SPDS\plugins\org.apache.ant_1.8.3.v201301120609\lib\ant-apache-regexp.jar;C:\IBM\SPDS\plugins\org.apache.ant_1.8.3.v201301120609\lib\ant-apache-resolver.jar;C:\IBM\SPDS\plugins\org.apache.ant_1.8.3.v201301120609\lib\ant-apache-xalan2.jar;C:\IBM\SPDS\plugins\org.apache.ant_1.8.3.v201301120609\lib\ant-commons-logging.jar;C:\IBM\SPDS\plugins\org.apache.ant_1.8.3.v201301120609\lib\ant-commons-net.jar;C:\IBM\SPDS\plugins\org.apache.ant_1.8.3.v201301120609\lib\ant-jai.jar;C:\IBM\SPDS\plugins\org.apache.ant_1.8.3.v201301120609\lib\ant-javamail.jar;C:\IBM\SPDS\plugins\org.apache.ant_1.8.3.v201301120609\lib\ant-jdepend.jar;C:\IBM\SPDS\plugins\org.apache.ant_1.8.3.v201301120609\lib\ant-jmf.jar;C:\IBM\SPDS\plugins\org.apache.ant_1.8.3.v201301120609\lib\ant-jsch.jar;C:\IBM\SPDS\plugins\org.apache.ant_1.8.3.v201301120609\lib\ant-junit.jar;C:\IBM\SPDS\plugins\org.apache.ant_1.8.3.v201301120609\lib\ant-junit4.jar;C:\IBM\SPDS\plugins\org.apache.ant_1.8.3.v201301120609\lib\ant-launcher.jar;C:\IBM\SPDS\plugins\org.apache.ant_1.8.3.v201301120609\lib\ant-netrexx.jar;C:\IBM\SPDS\plugins\org.apache.ant_1.8.3.v201301120609\lib\ant-swing.jar;C:\IBM\SPDS\plugins\org.apache.ant_1.8.3.v201301120609\lib\ant-testutil.jar;C:\IBM\SPDS\plugins\org.apache.ant_1.8.3.v201301120609\lib\ant.jar;C:\Users\Alexander\.eclipse\org.eclipse.platform_4.2.0_122772737\configuration\org.eclipse.osgi\bundles\958\1\.cp\lib\antdebug.jar;C:\Users\Alexander\.eclipse\org.eclipse.platform_4.2.0_122772737\configuration\org.eclipse.osgi\bundles\958\1\.cp\lib\remote.jar;C:\Users\Alexander\.eclipse\org.eclipse.platform_4.2.0_122772737\configuration\org.eclipse.osgi\bundles\960\1\.cp\lib\remoteAnt.jar;C:\Program Files\Java\jdk1.7.0_79\lib\tools.jar;C:\IBM\SPDS\plugins\org.eclipse.swt.win32.win32.x86_64_3.100.1.v4236b.jar" />
    <property name="java.vm.specification.name" value="Java Virtual Machine Specification" />
    <property name="target.classes.test.dir" value="C:\Users\Alexander\git\BinaryTest\binary1\build\test\classes" />
    <property name="env.LOGONSERVER" value="\\JAMES-XPS" />
    <property name="env.windir" value="C:\Windows" />
    <property name="env.PROCESSOR_ARCHITECTURE" value="AMD64" />
    <property name="java.vm.specification.version" value="1.7" />
    <property name="sun.os.patch.level" value="Service Pack 1" />
    <property name="sun.cpu.endian" value="little" />
    <property name="debuglevel" value="source,lines,vars" />
    <property name="env.ANT_HOME" value="C:\IBM\SPDS\plugins\org.apache.ant_1.8.3.v201301120609" />
    <property name="env.ProgramFiles" value="C:\Program Files" />
    <property name="java.io.tmpdir" value="C:\Users\ALEXAN~1\AppData\Local\Temp\" />
    <property name="env.PROCESSOR_REVISION" value="2a07" />
    <property name="eclipse.pdebuild.home" value="/C:/IBM/SPDS/plugins/org.eclipse.pde.build_3.8.2.v20121114-140810/./" />
    <property name="env.CommonProgramFiles(x86)" value="C:\Program Files (x86)\Common Files" />
    <property name="java.vendor.url.bug" value="http://bugreport.sun.com/bugreport/" />
    <property name="env.SystemRoot" value="C:\Windows" />
    <property name="java.awt.graphicsenv" value="sun.awt.Win32GraphicsEnvironment" />
    <property name="os.arch" value="amd64" />
    <property name="java.ext.dirs" value="C:\Program Files\Java\jdk1.7.0_79\jre\lib\ext;C:\Windows\Sun\Java\lib\ext" />
    <property name="target.report.dir" value="C:\Users\Alexander\git\BinaryTest\binary1\build\report" />
    <property name="user.dir" value="C:\Users\Alexander\git\BinaryTest\binary1" />
    <property name="env.LOCALAPPDATA" value="C:\Users\Alexander\AppData\Local" />
    <property name="target.classes.java.dir" value="C:\Users\Alexander\git\BinaryTest\binary1\build\classes" />
    <property name="line.separator" value="&#xd;&#xa;" />
    <property name="java.vm.name" value="Java HotSpot(TM) 64-Bit Server VM" />
    <property name="env.PATHEXT" value=".COM;.EXE;.BAT;.CMD;.VBS;.VBE;.JS;.JSE;.WSF;.WSH;.MSC" />
    <property name="env.Path" value="C:\Program Files (x86)\Actian\Btrieve\bin\;C:\Program Files\Actian\Btrieve\bin\;C:\Windows\system32;C:\Windows;C:\Windows\System32\Wbem;C:\Program Files\Intel\WiFi\bin\;C:\Program Files\Common Files\Intel\WirelessCommon\;C:\IBM\Client Access\Emulator;C:\IBM\Client Access\Shared;C:\IBM\Client Access\;C:\Program Files\nodejs\;C:\Program Files\IBM\Bluemix\bin;C:\Program Files (x86)\MongoDB\Server\3.2\bin;C:\Windows\System32\WindowsPowerShell\v1.0\;C:\Program Files\Microsoft SQL Server\Client SDK\ODBC\110\Tools\Binn\;C:\Program Files (x86)\Microsoft SQL Server\120\Tools\Binn\;C:\Program Files\Microsoft SQL Server\120\Tools\Binn\;C:\Program Files\Microsoft SQL Server\120\DTS\Binn\;C:\Users\Alexander\.dnx\bin;C:\Program Files\Microsoft DNX\Dnvm\;C:\Program Files\Microsoft SQL Server\130\Tools\Binn\;C:\Windows\System32\WindowsPowerShell\v1.0\;C:\Program Files\Java\jdk1.7.0_79\bin;C:\Users\Alexander\Documents\software\Git\bin;C:\Windows\Microsoft.Net\Framework\v4.0.30319\;C:\Program Files\TortoiseSVN\bin;C:\Users\Alexander\AppData\Roaming\npm;" />
    <property name="basedir" value="C:\Users\Alexander\git\BinaryTest\binary1" />
    <property name="ant.java.version" value="1.7" />
    <property name="ant.core.lib" value="C:\IBM\SPDS\plugins\org.apache.ant_1.8.3.v201301120609\lib\ant.jar" />
    <property name="env.USERNAME" value="Alexander" />
    <property name="source" value="1.7" />
    <property name="env.SystemDrive" value="C:" />
    <property name="file.encoding" value="UTF-8" />
    <property name="target.dir" value="C:\Users\Alexander\git\BinaryTest\binary1\build" />
    <property name="env.USERDOMAIN" value="James-XPS" />
    <property name="java.specification.version" value="1.7" />
    <property name="src.dir" value="C:\Users\Alexander\git\BinaryTest\binary1\src" />
    <property name="ant.project.invoked-targets" value="build" />
    <property name="env.PROCESSOR_LEVEL" value="6" />
  </properties>
  <error message="LotteryTest" type="java.lang.ClassNotFoundException">java.lang.ClassNotFoundException: LotteryTest
	at java.lang.ClassLoader.loadClass(ClassLoader.java:358)
	at java.lang.Class.forName0(Native Method)
	at java.lang.Class.forName(Class.java:274)
	at org.eclipse.ant.internal.launching.remote.EclipseDefaultExecutor.executeTargets(EclipseDefaultExecutor.java:32)
	at org.eclipse.ant.internal.launching.remote.InternalAntRunner.run(InternalAntRunner.java:424)
	at org.eclipse.ant.internal.launching.remote.InternalAntRunner.main(InternalAntRunner.java:138)
</error>
  <system-out><![CDATA[]]></system-out>
  <system-err><![CDATA[]]></system-err>
</testsuite>
